Performing C SOURCE FILE Test CMAKE_HAVE_LIBC_PTHREAD failed with the following output:
Change Dir: /home/kitty/git/wator/bld/CMakeFiles/CMakeTmp

Run Build Command(s):/usr/bin/make cmTC_fcc84/fast && /usr/bin/make -f CMakeFiles/cmTC_fcc84.dir/build.make CMakeFiles/cmTC_fcc84.dir/build
make[1]: Entering directory '/home/kitty/git/wator/bld/CMakeFiles/CMakeTmp'
Building C object CMakeFiles/cmTC_fcc84.dir/src.c.o
/usr/bin/clang   -DCMAKE_HAVE_LIBC_PTHREAD   -o CMakeFiles/cmTC_fcc84.dir/src.c.o   -c /home/kitty/git/wator/bld/CMakeFiles/CMakeTmp/src.c
Linking C executable cmTC_fcc84
/usr/bin/cmake -E cmake_link_script CMakeFiles/cmTC_fcc84.dir/link.txt --verbose=1
/usr/bin/clang  -DCMAKE_HAVE_LIBC_PTHREAD    -rdynamic CMakeFiles/cmTC_fcc84.dir/src.c.o  -o cmTC_fcc84 
/usr/bin/ld: CMakeFiles/cmTC_fcc84.dir/src.c.o: in function `main':
src.c:(.text+0x32): undefined reference to `pthread_create'
/usr/bin/ld: src.c:(.text+0x3e): undefined reference to `pthread_detach'
/usr/bin/ld: src.c:(.text+0x50): undefined reference to `pthread_join'
clang-8: error: linker command failed with exit code 1 (use -v to see invocation)
make[1]: *** [CMakeFiles/cmTC_fcc84.dir/build.make:87: cmTC_fcc84] Error 1
make[1]: Leaving directory '/home/kitty/git/wator/bld/CMakeFiles/CMakeTmp'
make: *** [Makefile:121: cmTC_fcc84/fast] Error 2


Source file was:
#include <pthread.h>

void* test_func(void* data)
{
  return data;
}

int main(void)
{
  pthread_t thread;
  pthread_create(&thread, NULL, test_func, NULL);
  pthread_detach(thread);
  pthread_join(thread, NULL);
  pthread_atfork(NULL, NULL, NULL);
  pthread_exit(NULL);

  return 0;
}

Determining if the function pthread_create exists in the pthreads failed with the following output:
Change Dir: /home/kitty/git/wator/bld/CMakeFiles/CMakeTmp

Run Build Command(s):/usr/bin/make cmTC_972bf/fast && /usr/bin/make -f CMakeFiles/cmTC_972bf.dir/build.make CMakeFiles/cmTC_972bf.dir/build
make[1]: Entering directory '/home/kitty/git/wator/bld/CMakeFiles/CMakeTmp'
Building C object CMakeFiles/cmTC_972bf.dir/CheckFunctionExists.c.o
/usr/bin/clang   -DCHECK_FUNCTION_EXISTS=pthread_create   -o CMakeFiles/cmTC_972bf.dir/CheckFunctionExists.c.o   -c /usr/share/cmake-3.15/Modules/CheckFunctionExists.c
Linking C executable cmTC_972bf
/usr/bin/cmake -E cmake_link_script CMakeFiles/cmTC_972bf.dir/link.txt --verbose=1
/usr/bin/clang  -DCHECK_FUNCTION_EXISTS=pthread_create    -rdynamic CMakeFiles/cmTC_972bf.dir/CheckFunctionExists.c.o  -o cmTC_972bf -lpthreads 
/usr/bin/ld: cannot find -lpthreads
clang-8: error: linker command failed with exit code 1 (use -v to see invocation)
make[1]: *** [CMakeFiles/cmTC_972bf.dir/build.make:87: cmTC_972bf] Error 1
make[1]: Leaving directory '/home/kitty/git/wator/bld/CMakeFiles/CMakeTmp'
make: *** [Makefile:121: cmTC_972bf/fast] Error 2



